<?xml version="1.0" encoding="UTF-8"?>
<!-- Generated by org.testng.reporters.JUnitReportReporter -->
<testsuite skipped="0" hostname="Jerome" name="SikuliTest.GoogleTitleTest" tests="2" failures="0" timestamp="2021-01-30T06:06:30 SGT" time="19.363" errors="0">
  <testcase name="testSukuliWDM_DynamicVersion" time="6.717" classname="SikuliTest.GoogleTitleTest"/>
  <system-out/>
  <testcase name="testSukuliWDM_DefinedVersion" time="12.646" classname="SikuliTest.GoogleTitleTest"/>
  <system-out/>
</testsuite> <!-- SikuliTest.GoogleTitleTest -->
